[    0.000000] Initializing cgroup subsys cpuset
[    0.000000] Initializing cgroup subsys cpu
[    0.000000] Initializing cgroup subsys cpuacct
[    0.000000] Linux version 4.4.0-131-generic (buildd@lgw01-amd64-015) (gcc version 5.4.0 20160609 (Ubuntu 5.4.0-6ubuntu1~16.04.10) ) #157-Ubuntu SMP Thu Jul 12 15:51:36 UTC 2018 (Ubuntu 4.4.0-131.157-generic 4.4.134)
[    0.000000] Command line: BOOT_IMAGE=/boot/vmlinuz-4.4.0-131-generic root=LABEL=cloudimg-rootfs ro console=tty1 console=ttyS0
[    0.000000] KERNEL supported cpus:
[    0.000000]   Intel GenuineIntel
[    0.000000]   AMD AuthenticAMD
[    0.000000]   Centaur CentaurHauls
[    0.000000] x86/fpu: xstate_offset[2]:  576, xstate_sizes[2]:  256
[    0.000000] x86/fpu: Supporting XSAVE feature 0x01: 'x87 floating point registers'
[    0.000000] x86/fpu: Supporting XSAVE feature 0x02: 'SSE registers'
[    0.000000] x86/fpu: Supporting XSAVE feature 0x04: 'AVX registers'
[    0.000000] x86/fpu: Enabled xstate features 0x7, context size is 832 bytes, using 'standard' format.
[    0.000000] x86/fpu: Using 'eager' FPU context switches.
[    0.000000] e820: BIOS-provided physical RAM map:
[    0.000000] BIOS-e820: [mem 0x0000000000000000-0x000000000009fbff] usable
[    0.000000] BIOS-e820: [mem 0x000000000009fc00-0x000000000009ffff] reserved
[    0.000000] BIOS-e820: [mem 0x00000000000f0000-0x00000000000fffff] reserved
[    0.000000] BIOS-e820: [mem 0x0000000000100000-0x000000003ffeffff] usable
[    0.000000] BIOS-e820: [mem 0x000000003fff0000-0x000000003fffffff] ACPI data
[    0.000000] BIOS-e820: [mem 0x00000000fec00000-0x00000000fec00fff] reserved
[    0.000000] BIOS-e820: [mem 0x00000000fee00000-0x00000000fee00fff] reserved
[    0.000000] BIOS-e820: [mem 0x00000000fffc0000-0x00000000ffffffff] reserved
[    0.000000] NX (Execute Disable) protection: active
[    0.000000] SMBIOS 2.5 present.
[    0.000000] Hypervisor detected: KVM
[    0.000000] e820: last_pfn = 0x3fff0 max_arch_pfn = 0x400000000
[    0.000000] MTRR: Disabled
[    0.000000] x86/PAT: MTRRs disabled, skipping PAT initialization too.
[    0.000000] CPU MTRRs all blank - virtualized system.
[    0.000000] x86/PAT: Configuration [0-7]: WB  WT  UC- UC  WB  WT  UC- UC  
[    0.000000] found SMP MP-table at [mem 0x0009fff0-0x0009ffff] mapped at [ffff88000009fff0]
[    0.000000] Scanning 1 areas for low memory corruption
[    0.000000] RAMDISK: [mem 0x3630c000-0x3717dfff]
[    0.000000] ACPI: Early table checksum verification disabled
[    0.000000] ACPI: RSDP 0x00000000000E0000 000024 (v02 VBOX  )
[    0.000000] ACPI: XSDT 0x000000003FFF0030 00003C (v01 VBOX   VBOXXSDT 00000001 ASL  00000061)
[    0.000000] ACPI: FACP 0x000000003FFF00F0 0000F4 (v04 VBOX   VBOXFACP 00000001 ASL  00000061)
[    0.000000] ACPI: DSDT 0x000000003FFF0470 0021FF (v02 VBOX   VBOXBIOS 00000002 INTL 20180105)
[    0.000000] ACPI: FACS 0x000000003FFF0200 000040
[    0.000000] ACPI: FACS 0x000000003FFF0200 000040
[    0.000000] ACPI: APIC 0x000000003FFF0240 00005C (v02 VBOX   VBOXAPIC 00000001 ASL  00000061)
[    0.000000] ACPI: SSDT 0x000000003FFF02A0 0001CC (v01 VBOX   VBOXCPUT 00000002 INTL 20180105)
[    0.000000] No NUMA configuration found
[    0.000000] Faking a node at [mem 0x0000000000000000-0x000000003ffeffff]
[    0.000000] NODE_DATA(0) allocated [mem 0x3ffeb000-0x3ffeffff]
[    0.000000] kvm-clock: Using msrs 4b564d01 and 4b564d00
[    0.000000] kvm-clock: cpu 0, msr 0:3ffe3001, primary cpu clock
[    0.000000] kvm-clock: using sched offset of 3438494703 cycles
[    0.000000] clocksource: kvm-clock: mask: 0xffffffffffffffff max_cycles: 0x1cd42e4dffb, max_idle_ns: 881590591483 ns
[    0.000000] Zone ranges:
[    0.000000]   DMA      [mem 0x0000000000001000-0x0000000000ffffff]
[    0.000000]   DMA32    [mem 0x0000000001000000-0x000000003ffeffff]
[    0.000000]   Normal   empty
[    0.000000]   Device   empty
[    0.000000] Movable zone start for each node
[    0.000000] Early memory node ranges
[    0.000000]   node   0: [mem 0x0000000000001000-0x000000000009efff]
[    0.000000]   node   0: [mem 0x0000000000100000-0x000000003ffeffff]
[    0.000000] Initmem setup node 0 [mem 0x0000000000001000-0x000000003ffeffff]
[    0.000000] ACPI: PM-Timer IO Port: 0x4008
[    0.000000] IOAPIC[0]: apic_id 2, version 32, address 0xfec00000, GSI 0-23
[    0.000000] ACPI: INT_SRC_OVR (bus 0 bus_irq 0 global_irq 2 dfl dfl)
[    0.000000] ACPI: INT_SRC_OVR (bus 0 bus_irq 9 global_irq 9 low level)
[    0.000000] Using ACPI (MADT) for SMP configuration information
[    0.000000] smpboot: Allowing 2 CPUs, 0 hotplug CPUs
[    0.000000] PM: Registered nosave memory: [mem 0x00000000-0x00000fff]
[    0.000000] PM: Registered nosave memory: [mem 0x0009f000-0x0009ffff]
[    0.000000] PM: Registered nosave memory: [mem 0x000a0000-0x000effff]
[    0.000000] PM: Registered nosave memory: [mem 0x000f0000-0x000fffff]
[    0.000000] e820: [mem 0x40000000-0xfebfffff] available for PCI devices
[    0.000000] Booting paravirtualized kernel on KVM
[    0.000000] clocksource: refined-jiffies: mask: 0xffffffff max_cycles: 0xffffffff, max_idle_ns: 7645519600211568 ns
[    0.000000] setup_percpu: NR_CPUS:512 nr_cpumask_bits:512 nr_cpu_ids:2 nr_node_ids:1
[    0.000000] PERCPU: Embedded 34 pages/cpu @ffff88003fc00000 s99544 r8192 d31528 u1048576
[    0.000000] PV qspinlock hash table entries: 256 (order: 0, 4096 bytes)
[    0.000000] Built 1 zonelists in Node order, mobility grouping on.  Total pages: 257912
[    0.000000] Policy zone: DMA32
[    0.000000] Kernel command line: BOOT_IMAGE=/boot/vmlinuz-4.4.0-131-generic root=LABEL=cloudimg-rootfs ro console=tty1 console=ttyS0
[    0.000000] PID hash table entries: 4096 (order: 3, 32768 bytes)
[    0.000000] Memory: 997724K/1048120K available (8546K kernel code, 1313K rwdata, 4000K rodata, 1516K init, 1316K bss, 50396K reserved, 0K cma-reserved)
[    0.000000] SLUB: HWalign=64, Order=0-3, MinObjects=0, CPUs=2, Nodes=1
[    0.000000] Kernel/User page tables isolation: enabled
[    0.000000] Hierarchical RCU implementation.
[    0.000000] 	Build-time adjustment of leaf fanout to 64.
[    0.000000] 	RCU restricting CPUs from NR_CPUS=512 to nr_cpu_ids=2.
[    0.000000] RCU: Adjusting geometry for rcu_fanout_leaf=64, nr_cpu_ids=2
[    0.000000] NR_IRQS:33024 nr_irqs:440 16
[    0.000000] Console: colour VGA+ 80x25
[    0.000000] console [tty1] enabled
[    0.000000] console [ttyS0] enabled
[    0.000000] tsc: Detected 2712.000 MHz processor
[    0.135984] Calibrating delay loop (skipped) preset value.. 5424.00 BogoMIPS (lpj=10848000)
[    0.137561] pid_max: default: 32768 minimum: 301
[    0.138396] ACPI: Core revision 20150930
[    0.140021] ACPI: 2 ACPI AML tables successfully acquired and loaded
[    0.141218] Security Framework initialized
[    0.141983] Yama: becoming mindful.
[    0.142678] AppArmor: AppArmor initialized
[    0.143523] Dentry cache hash table entries: 131072 (order: 8, 1048576 bytes)
[    0.145297] Inode-cache hash table entries: 65536 (order: 7, 524288 bytes)
[    0.146559] Mount-cache hash table entries: 2048 (order: 2, 16384 bytes)
[    0.147692] Mountpoint-cache hash table entries: 2048 (order: 2, 16384 bytes)
[    0.148985] Initializing cgroup subsys io
[    0.149757] Initializing cgroup subsys memory
[    0.150559] Initializing cgroup subsys devices
[    0.151382] Initializing cgroup subsys freezer
[    0.152195] Initializing cgroup subsys net_cls
[    0.153005] Initializing cgroup subsys perf_event
[    0.153855] Initializing cgroup subsys net_prio
[    0.154678] Initializing cgroup subsys hugetlb
[    0.155503] Initializing cgroup subsys pids
[    0.156355] CPU: Physical Processor ID: 0
[    0.157109] CPU: Processor Core ID: 0
[    0.159471] mce: CPU supports 0 MCE banks
[    0.160242] Last level iTLB entries: 4KB 64, 2MB 8, 4MB 8
[    0.161174] Last level dTLB entries: 4KB 64, 2MB 0, 4MB 0, 1GB 4
[    0.162192] Spectre V2 : Mitigation: Full generic retpoline
[    0.163149] Spectre V2 : Speculation control IBPB not-supported IBRS not-supported
[    0.164373] Spectre V2 : Filling RSB on context switch
[    0.165540] Speculative Store Bypass: Vulnerable
[    0.168657] Freeing SMP alternatives memory: 32K
[    0.176838] ftrace: allocating 32245 entries in 126 pages
[    0.228481] smpboot: APIC(0) Converting physical 0 to logical package 0
[    0.229651] smpboot: Max logical packages: 1
[    0.230686] x2apic enabled
[    0.231491] Switched APIC routing to physical x2apic.
[    0.233411] ..TIMER: vector=0x30 apic1=0 pin1=2 apic2=-1 pin2=-1
[    0.339325] smpboot: CPU0: Intel(R) Core(TM) i5-7200U CPU @ 2.50GHz (family: 0x6, model: 0x8e, stepping: 0x9)
[    0.341188] Performance Events: unsupported p6 CPU model 142 no PMU driver, software events only.
[    0.342847] KVM setup paravirtual spinlock
[    0.344297] x86: Booting SMP configuration:
[    0.401151] .... node  #0, CPUs:      #1
[    0.402010] kvm-clock: cpu 1, msr 0:3ffe3041, secondary cpu clock
[    0.403732] mce: CPU supports 0 MCE banks
[    0.414880] x86: Booted up 1 node, 2 CPUs
[    0.415852] smpboot: Total of 2 processors activated (10848.00 BogoMIPS)
[    0.417305] devtmpfs: initialized
[    0.420596] evm: security.selinux
[    0.421861] evm: security.SMACK64
[    0.422982] evm: security.SMACK64EXEC
[    0.424890] evm: security.SMACK64TRANSMUTE
[    0.425680] evm: security.SMACK64MMAP
[    0.426396] evm: security.ima
[    0.427057] evm: security.capability
[    0.428018] clocksource: jiffies: mask: 0xffffffff max_cycles: 0xffffffff, max_idle_ns: 7645041785100000 ns
[    0.429658] futex hash table entries: 512 (order: 3, 32768 bytes)
[    0.430705] pinctrl core: initialized pinctrl subsystem
[    0.431597] RTC time:  8:07:54, date: 07/31/18
[    0.432442] NET: Registered protocol family 16
[    0.441979] cpuidle: using governor ladder
[    0.458276] cpuidle: using governor menu
[    0.510378] PCCT header not found.
[    0.541508] ACPI: bus type PCI registered
[    0.569940] acpiphp: ACPI Hot Plug PCI Controller Driver version: 0.5
[    0.570958] PCI: Using configuration type 1 for base access
[    0.582040] ACPI: Added _OSI(Module Device)
[    0.582780] ACPI: Added _OSI(Processor Device)
[    0.583474] ACPI: Added _OSI(3.0 _SCP Extensions)
[    0.584195] ACPI: Added _OSI(Processor Aggregator Device)
[    0.585638] ACPI: Executed 1 blocks of module-level executable AML code
[    0.588462] ACPI: Interpreter enabled
[    0.589087] ACPI: (supports S0 S5)
[    0.589686] ACPI: Using IOAPIC for interrupt routing
[    0.590573] PCI: Using host bridge windows from ACPI; if necessary, use "pci=nocrs" and report a bug
[    0.594912] ACPI: PCI Root Bridge [PCI0] (domain 0000 [bus 00-ff])
[    0.595803] acpi PNP0A03:00: _OSC: OS supports [ASPM ClockPM Segments MSI]
[    0.596767] acpi PNP0A03:00: _OSC: not requesting OS control; OS requires [ExtendedConfig ASPM ClockPM MSI]
[    0.598223] acpi PNP0A03:00: fail to add MMCONFIG information, can't access extended PCI configuration space under this bridge.
[    0.600041] PCI host bridge to bus 0000:00
[    0.600702] pci_bus 0000:00: root bus resource [io  0x0000-0x0cf7 window]
[    0.601655] pci_bus 0000:00: root bus resource [io  0x0d00-0xffff window]
[    0.602599] pci_bus 0000:00: root bus resource [mem 0x000a0000-0x000bffff window]
[    0.603788] pci_bus 0000:00: root bus resource [mem 0x40000000-0xfdffffff window]
[    0.604978] pci_bus 0000:00: root bus resource [bus 00-ff]
[    0.607040] pci 0000:00:01.1: legacy IDE quirk: reg 0x10: [io  0x01f0-0x01f7]
[    0.608025] pci 0000:00:01.1: legacy IDE quirk: reg 0x14: [io  0x03f6]
[    0.617428] pci 0000:00:01.1: legacy IDE quirk: reg 0x18: [io  0x0170-0x0177]
[    0.618511] pci 0000:00:01.1: legacy IDE quirk: reg 0x1c: [io  0x0376]
[    0.633627] pci 0000:00:07.0: quirk: [io  0x4000-0x403f] claimed by PIIX4 ACPI
[    0.707953] pci 0000:00:07.0: quirk: [io  0x4100-0x410f] claimed by PIIX4 SMB
[    0.754018] ACPI: PCI Interrupt Link [LNKA] (IRQs 5 9 10 *11)
[    0.755434] ACPI: PCI Interrupt Link [LNKB] (IRQs 5 9 *10 11)
[    0.756688] ACPI: PCI Interrupt Link [LNKC] (IRQs 5 *9 10 11)
[    0.757931] ACPI: PCI Interrupt Link [LNKD] (IRQs 5 9 10 *11)
[    0.759204] ACPI: Enabled 2 GPEs in block 00 to 07
[    0.760292] vgaarb: setting as boot device: PCI:0000:00:02.0
[    0.761123] vgaarb: device added: PCI:0000:00:02.0,decodes=io+mem,owns=io+mem,locks=none
[    0.762392] vgaarb: loaded
[    0.762904] vgaarb: bridge control possible 0000:00:02.0
[    0.763964] SCSI subsystem initialized
[    0.764702] ACPI: bus type USB registered
[    0.765383] usbcore: registered new interface driver usbfs
[    0.766196] usbcore: registered new interface driver hub
[    0.766995] usbcore: registered new device driver usb
[    0.768432] PCI: Using ACPI for IRQ routing
[    0.769387] NetLabel: Initializing
[    0.769986] NetLabel:  domain hash size = 128
[    0.770674] NetLabel:  protocols = UNLABELED CIPSOv4
[    0.771448] NetLabel:  unlabeled traffic allowed by default
[    0.772373] amd_nb: Cannot enumerate AMD northbridges
[    0.773160] clocksource: Switched to clocksource kvm-clock
[    0.779971] AppArmor: AppArmor Filesystem Enabled
[    0.780801] pnp: PnP ACPI init
[    0.781989] pnp: PnP ACPI: found 3 devices
[    0.790604] clocksource: acpi_pm: mask: 0xffffff max_cycles: 0xffffff, max_idle_ns: 2085701024 ns
[    0.792011] NET: Registered protocol family 2
[    0.792825] TCP established hash table entries: 8192 (order: 4, 65536 bytes)
[    0.797900] TCP bind hash table entries: 8192 (order: 5, 131072 bytes)
[    0.798829] TCP: Hash tables configured (established 8192 bind 8192)
[    0.799740] UDP hash table entries: 512 (order: 2, 16384 bytes)
[    0.800595] UDP-Lite hash table entries: 512 (order: 2, 16384 bytes)
[    0.801530] NET: Registered protocol family 1
[    0.802242] pci 0000:00:00.0: Limiting direct PCI/PCI transfers
[    0.803105] pci 0000:00:01.0: Activating ISA DMA hang workarounds
[    0.804072] Unpacking initramfs...
[    1.019232] Freeing initrd memory: 14792K
[    1.020523] platform rtc_cmos: registered platform RTC device (no PNP device found)
[    1.035590] Scanning for low memory corruption every 60 seconds
[    1.036810] audit: initializing netlink subsys (disabled)
[    1.091180] audit: type=2000 audit(1533024479.745:1): initialized
[    1.092533] Initialise system trusted keyring
[    1.093590] HugeTLB registered 2 MB page size, pre-allocated 0 pages
[    1.101281] zbud: loaded
[    1.102262] VFS: Disk quotas dquot_6.6.0
[    1.103080] VFS: Dquot-cache hash table entries: 512 (order 0, 4096 bytes)
[    1.109898] squashfs: version 4.0 (2009/01/31) Phillip Lougher
[    1.111300] fuse init (API version 7.23)
[    1.112443] Key type big_key registered
[    1.121964] Allocating IMA MOK and blacklist keyrings.
[    1.123944] Key type asymmetric registered
[    1.124763] Asymmetric key parser 'x509' registered
[    1.125779] Block layer SCSI generic (bsg) driver version 0.4 loaded (major 249)
[    1.127231] io scheduler noop registered
[    1.127997] io scheduler deadline registered (default)
[    1.128960] io scheduler cfq registered
[    1.142114] pci_hotplug: PCI Hot Plug PCI Core version: 0.5
[    1.143089] pciehp: PCI Express Hot Plug Controller Driver version: 0.4
[    1.144395] ACPI: AC Adapter [AC] (on-line)
[    1.145403] input: Power Button as /devices/LNXSYSTM:00/LNXPWRBN:00/input/input0
[    1.146931] ACPI: Power Button [PWRF]
[    1.147813] input: Sleep Button as /devices/LNXSYSTM:00/LNXSLPBN:00/input/input1
[    1.150055] ACPI: Sleep Button [SLPF]
[    1.157664] GHES: HEST is not enabled!
[    1.158811] ACPI: Battery Slot [BAT0] (battery present)
[    1.160883] Serial: 8250/16550 driver, 32 ports, IRQ sharing enabled
[    1.183509] 00:02: ttyS0 at I/O 0x3f8 (irq = 4, base_baud = 115200) is a 16550A
[    1.187178] Linux agpgart interface v0.103
[    1.189743] loop: module loaded
[    1.191027] scsi host0: ata_piix
[    1.191867] scsi host1: ata_piix
[    1.208416] ata1: PATA max UDMA/33 cmd 0x1f0 ctl 0x3f6 bmdma 0xd000 irq 14
[    1.214865] ata2: PATA max UDMA/33 cmd 0x170 ctl 0x376 bmdma 0xd008 irq 15
[    1.216081] libphy: Fixed MDIO Bus: probed
[    1.216864] tun: Universal TUN/TAP device driver, 1.6
[    1.217745] tun: (C) 1999-2004 Max Krasnyansky <maxk@qualcomm.com>
[    1.218712] PPP generic driver version 2.4.2
[    1.219471] ehci_hcd: USB 2.0 'Enhanced' Host Controller (EHCI) Driver
[    1.220429] ehci-pci: EHCI PCI platform driver
[    1.221171] ehci-platform: EHCI generic platform driver
[    1.227086] ohci_hcd: USB 1.1 'Open' Host Controller (OHCI) Driver
[    1.228161] ohci-pci: OHCI PCI platform driver
[    1.229041] ohci-platform: OHCI generic platform driver
[    1.230051] uhci_hcd: USB Universal Host Controller Interface driver
[    1.236643] i8042: PNP: PS/2 Controller [PNP0303:PS2K,PNP0f03:PS2M] at 0x60,0x64 irq 1,12
[    1.239725] serio: i8042 KBD port at 0x60,0x64 irq 1
[    1.240702] serio: i8042 AUX port at 0x60,0x64 irq 12
[    1.242032] mousedev: PS/2 mouse device common for all mice
[    1.243720] input: AT Translated Set 2 keyboard as /devices/platform/i8042/serio0/input/input2
[    1.247826] rtc_cmos rtc_cmos: rtc core: registered rtc_cmos as rtc0
[    1.248818] rtc_cmos rtc_cmos: alarms up to one day, 114 bytes nvram
[    1.249756] i2c /dev entries driver
[    1.250411] device-mapper: uevent: version 1.0.3
[    1.251217] device-mapper: ioctl: 4.34.0-ioctl (2015-10-28) initialised: dm-devel@redhat.com
[    1.252594] ledtrig-cpu: registered to indicate activity on CPUs
[    1.253887] NET: Registered protocol family 10
[    1.254921] NET: Registered protocol family 17
[    1.255735] Key type dns_resolver registered
[    1.256961] registered taskstats version 1
[    1.257897] Loading compiled-in X.509 certificates
[    1.259627] Loaded X.509 cert 'Build time autogenerated kernel key: 8f274abdf49cd12572c1533a34d1eafea768213f'
[    1.266625] zswap: loaded using pool lzo/zbud
[    1.268848] Key type trusted registered
[    1.300220] Key type encrypted registered
[    1.300910] AppArmor: AppArmor sha1 policy hashing enabled
[    1.301783] ima: No TPM chip found, activating TPM-bypass!
[    1.302800] ima: Allocated hash algorithm: sha1
[    1.303533] evm: HMAC attrs: 0x1
[    1.304525]   Magic number: 10:248:120
[    1.305172] misc device-mapper: hash matches
[    1.305983] rtc_cmos rtc_cmos: setting system clock to 2018-07-31 08:07:55 UTC (1533024475)
[    1.307487] BIOS EDD facility v0.16 2004-Jun-25, 0 devices found
[    1.313774] EDD information not available.
[    1.374130] Freeing unused kernel memory: 1516K
[    1.552770] Write protecting the kernel read-only data: 14336k
[    1.554081] Freeing unused kernel memory: 1680K
[    1.554979] Freeing unused kernel memory: 96K
Loading, please wait...
starting version[    1.567633] random: systemd-udevd: uninitialized urandom read (16 bytes read, 3 bits of entropy available)
 229
[    1.568083] random: udevadm: uninitialized urandom read (16 bytes read, 3 bits of entropy available)
[    1.568102] random: udevadm: uninitialized urandom read (16 bytes read, 3 bits of entropy available)
[    1.573647] random: systemd-udevd: uninitialized urandom read (16 bytes read, 3 bits of entropy available)
[    1.575137] random: systemd-udevd: uninitialized urandom read (16 bytes read, 3 bits of entropy available)
[    1.576471] random: udevadm: uninitialized urandom read (16 bytes read, 3 bits of entropy available)
[    1.576510] random: udevadm: uninitialized urandom read (16 bytes read, 3 bits of entropy available)
[    1.576636] random: udevadm: uninitialized urandom read (16 bytes read, 3 bits of entropy available)
[    1.576702] random: udevadm: uninitialized urandom read (16 bytes read, 3 bits of entropy available)
[    1.576763] random: udevadm: uninitialized urandom read (16 bytes read, 3 bits of entropy available)
[    1.618005] e1000: Intel(R) PRO/1000 Network Driver - version 7.3.21-k8-NAPI
[    1.619292] e1000: Copyright (c) 1999-2006 Intel Corporation.
[    1.620378] Fusion MPT base driver 3.04.20
[    1.621097] Copyright (c) 1999-2008 LSI Corporation
[    1.625106] Fusion MPT SPI Host driver 3.04.20
[    1.637955] AVX2 version of gcm_enc/dec engaged.
[    1.644668] AES CTR mode by8 optimization enabled
[    1.826315] input: ImExPS/2 Generic Explorer Mouse as /devices/platform/i8042/serio1/input/input4
[    1.964972] e1000 0000:00:03.0 eth0: (PCI:33MHz:32-bit) 02:0d:8d:01:94:c2
[    1.966047] e1000 0000:00:03.0 eth0: Intel(R) PRO/1000 Network Connection
[    1.967676] mptbase: ioc0: Initiating bringup
[    1.967860] e1000 0000:00:03.0 enp0s3: renamed from eth0
[    2.017720] tsc: Refined TSC clocksource calibration: 2713.764 MHz
[    2.019740] clocksource: tsc: mask: 0xffffffffffffffff max_cycles: 0x271e08bd936, max_idle_ns: 440795271412 ns
[    2.046025] ioc0: LSI53C1030 A0: Capabilities={Initiator}
[    3.093116] scsi host2: ioc0: LSI53C1030 A0, FwRev=00000000h, Ports=1, MaxQ=256, IRQ=20
[    3.238609] scsi 2:0:0:0: Direct-Access     VBOX     HARDDISK         1.0  PQ: 0 ANSI: 5
[    3.258911] scsi target2:0:0: Beginning Domain Validation
[    3.261066] scsi target2:0:0: Domain Validation skipping write tests
[    3.262239] scsi target2:0:0: Ending Domain Validation
[    3.263257] scsi target2:0:0: asynchronous
[    3.264429] scsi 2:0:1:0: Direct-Access     VBOX     HARDDISK         1.0  PQ: 0 ANSI: 5
[    3.274534] scsi target2:0:1: Beginning Domain Validation
[    3.309326] scsi target2:0:1: Domain Validation skipping write tests
[    3.310407] scsi target2:0:1: Ending Domain Validation
[    3.311356] scsi target2:0:1: asynchronous
[    3.316160] sd 2:0:0:0: Attached scsi generic sg0 type 0
[    3.317281] sd 2:0:0:0: [sda] 20971520 512-byte logical blocks: (10.7 GB/10.0 GiB)
[    3.319152] sd 2:0:1:0: Attached scsi generic sg1 type 0
[    3.320115] sd 2:0:1:0: [sdb] 20480 512-byte logical blocks: (10.5 MB/10.0 MiB)
[    3.321724] sd 2:0:0:0: [sda] Write Protect is off
[    3.322626] sd 2:0:1:0: [sdb] Write Protect is off
[    3.323621] sd 2:0:0:0: [sda] Incomplete mode parameter data
[    3.324609] sd 2:0:0:0: [sda] Assuming drive cache: write through
[    3.325236] sd 2:0:1:0: [sdb] Incomplete mode parameter data
[    3.325237] sd 2:0:1:0: [sdb] Assuming drive cache: write through
[    3.327161] sd 2:0:1:0: [sdb] Attached SCSI disk
[    3.330810]  sda: sda1
[    3.331981] sd 2:0:0:0: [sda] Attached SCSI disk
Begin: Loading essential drivers[    4.656455] md: linear personality registered for level -1
 ... [    4.659789] md: multipath personality registered for level -4
[    4.663243] md: raid0 personality registered for level 0
[    4.666930] md: raid1 personality registered for level 1
[    4.747407] raid6: sse2x1   gen() 10651 MB/s
[    4.817365] raid6: sse2x1   xor()  8447 MB/s
[    4.887378] raid6: sse2x2   gen() 12173 MB/s
[    4.957376] raid6: sse2x2   xor()  9700 MB/s
[    5.027374] raid6: sse2x4   gen() 13692 MB/s
[    5.097381] raid6: sse2x4   xor() 11257 MB/s
[    5.167369] raid6: avx2x1   gen() 20316 MB/s
[    5.237363] raid6: avx2x2   gen() 23934 MB/s
[    5.307384] raid6: avx2x4   gen() 23447 MB/s
[    5.308260] raid6: using algorithm avx2x2 gen() 23934 MB/s
[    5.309266] raid6: using avx2x2 recovery algorithm
[    5.311657] xor: automatically using best checksumming function:
[    5.373163]    avx       : 23443.000 MB/sec
[    5.499578] async_tx: api initialized (async)
[    5.597001] md: raid6 personality registered for level 6
[    5.599942] md: raid5 personality registered for level 5
[    5.600736] md: raid4 personality registered for level 4
[    5.606368] md: raid10 personality registered for level 10
done.
Begin: Running /scripts/init-premount ... done.
Begin: Mounting root file system ... Begin: Running /scripts/local-top ... done.
Begin: Running /scripts/local-premount ... [    5.632357] Btrfs loaded
Scanning for Btrfs filesystems
done.
Warning: fsck not present, so skipping root file system
[    5.679443] EXT4-fs (sda1): mounted filesystem with ordered data mode. Opts: (null)
done.
Begin: Running /scripts/local-bottom ... done.
Begin: Running /scripts/init-bottom ... done.
[    5.891150] systemd[1]: systemd 229 running in system mode. (+PAM +AUDIT +SELINUX +IMA +APPARMOR +SMACK +SYSVINIT +UTMP +LIBCRYPTSETUP +GCRYPT +GNUTLS +ACL +XZ -LZ4 +SECCOMP +BLKID +ELFUTILS +KMOD -IDN)
[    5.897476] systemd[1]: Detected virtualization oracle.
[    5.898273] systemd[1]: Detected architecture x86-64.

Welcome to [1mUbuntu 16.04.5 LTS[0m!

[    5.901772] systemd[1]: Set hostname to <ubuntu-xenial>.
[    6.063602] systemd[1]: Listening on Syslog Socket.
[[0;32m  OK  [0m] Listening on Syslog Socket.
[    6.065415] systemd[1]: Listening on Journal Audit Socket.
[[0;32m  OK  [0m] Listening on Journal Audit Socket.
[    6.066965] systemd[1]: Reached target Swap.
[[0;32m  OK  [0m] Reached target Swap.
[    6.068291] systemd[1]: Reached target Encrypted Volumes.
[[0;32m  OK  [0m] Reached target Encrypted Volumes.
[    6.070096] systemd[1]: Created slice User and Session Slice.
[[0;32m  OK  [0m] Created slice User and Session Slice.
[    6.071692] systemd[1]: Listening on Journal Socket (/dev/log).
[[0;32m  OK  [0m] Listening on Journal Socket (/dev/log).
[    6.073341] systemd[1]: Listening on LVM2 poll daemon socket.
[[0;32m  OK  [0m] Listening on LVM2 poll daemon socket.
[    6.074928] systemd[1]: Listening on LVM2 metadata daemon socket.
[[0;32m  OK  [0m] Listening on LVM2 metadata daemon socket.
[    6.076576] systemd[1]: Listening on Journal Socket.
[[0;32m  OK  [0m] Listening on Journal Socket.
[    6.078125] systemd[1]: Reached target User and Group Name Lookups.
[[0;32m  OK  [0m] Reached target User and Group Name Lookups.
[    6.079984] systemd[1]: Started Trigger resolvconf update for networkd DNS.
[[0;32m  OK  [0m] Started Trigger resolvconf update for networkd DNS.
[    6.082210] systemd[1]: Created slice System Slice.
[[0;32m  OK  [0m] Created slice System Slice.
[    6.101555] systemd[1]: Starting Load Kernel Modules...
         Starting Load Kernel Modules...
[    6.109523] systemd[1]: Mounting Huge Pages File System...
[    6.110512] Loading iSCSI transport class v2.0-870.
         Mounting Huge Pages File System...
[    6.117782] iscsi: registered transport (tcp)
[    6.125943] systemd[1]: Mounting POSIX Message Queue File System...
         Mounting POSIX Message Queue File System...
[    6.131200] systemd[1]: Mounting Debug File System...
         Mounting Debug File System...
[    6.135794] systemd[1]: Starting Remount Root and Kernel File Systems...
         Starting Remount Root and Kernel File S[    6.140131] EXT4-fs (sda1): re-mounted. Opts: (null)
ystems...
[    6.181862] systemd[1]: Starting Uncomplicated firewall...
         Starting Uncomplicated firewall...
[    6.191029] systemd[1]: Starting Create list of required static device nodes for the current kernel...
         Starting Create list of required st... nodes for the current kernel...
[    6.194240] systemd[1]: Starting Journal Service...
[    6.206737] iscsi: registered transport (iser)
         Starting Journal Service...
[    6.208454] systemd[1]: Started Forward Password Requests to Wall Directory Watch.
[[0;32m  OK  [0m] Started Forward Password Requests to Wall Directory Watch.
[    6.213895] systemd[1]: Listening on udev Control Socket.
[[0;32m  OK  [0m] Listening on udev Control Socket.
[    6.216236] systemd[1]: Starting Nameserver information manager...
         Starting Nameserver information manager...
[    6.227511] systemd[1]: Starting Set console keymap...
         Starting Set console keymap...
[    6.231295] systemd[1]: Listening on /dev/initctl Compatibiltty Named Pipe.
[[0;32m  OK  [0m] Listening on /dev/initctl Compatibility Named Pipe.
[    6.285784] systemd[1]: Set up automount Arbitrary Executable File Formats File System Automount Point.
[[0;32m  OK  [0m] Set up automount Arbitrary Executab...ats File System Automount Point.
[    6.289189] systemd[1]: Listening on Device-mapper event daemon FIFOs.
[[0;32m  OK  [0m] Listening on Device-mapper event daemon FIFOs.
[    6.309549] systemd[1]: Starting Monitoring of LVM2 mirrors, snapshots etc. using dmeventd or progress polling...
         Starting Monitoring of LVM2 mirrors... dmeventd or progress polling...
[    6.326579] systemd[1]: Reached target System Time Synchronized.
[[0;32m  OK  [0m] Reached target System Time Synchronized.
[    6.328391] systemd[1]: Listening on udev Kernel Socket.
[[0;32m  OK  [0m] Listening on udev Kernel Socket.
[    6.330381] systemd[1]: Created slice system-serial\x2dgetty.slice.
[[0;32m  OK  [0m] Created slice system-serial\x2dgetty.slice.
[    6.332204] systemd[1]: Reached target Slices.
[[0;32m  OK  [0m] Reached target Slices.
[    6.334755] systemd[1]: Mounted Huge Pages File System.
[[0;32m  OK  [0m] Mounted Huge Pages File System.
[    6.336440] systemd[1]: Mounted Debug File System.
[[0;32m  OK  [0m] Mounted Debug File System.
[    6.338234] systemd[1]: Mounted POSIX Message Queue File System.
[[0;32m  OK  [0m] Mounted POSIX Message Queue File System.
[    6.364251] systemd[1]: Started Journal Service.
[[0;32m  OK  [0m] Started Journal Service.
[[0;32m  OK  [0m] Started Load Kernel Modules.
[[0;32m  OK  [0m] Started Remount Root and Kernel File Systems.
[[0;32m  OK  [0m] Started Uncomplicated firewall.
[[0;32m  OK  [0m] Started Create list of required sta...ce nodes for the current kernel.
[[0;32m  OK  [0m] Started Set console keymap.
[[0;32m  OK  [0m] Started Nameserver information manager.
[[0;32m  OK  [0m] Started LVM2 metadata daemon.
         Starting Create Static Device Nodes in /dev...
         Starting Load/Save Random Seed...
         Starting udev Coldplug all Devices...
         Mounting FUSE Control File System...
         Starting Apply Kernel Variables...
         Starting Flush Journal to Persistent Storage...
[[0;32m  OK  [0m] Mounted FUSE Control File System.
[[0;32m  OK  [0m] Started Load/Save Random Seed.
[    6.628011] random: nonblocking pool is initialized
[[0;32m  OK  [0m] Started Create Static Device Nodes in /dev.
[[0;32m  OK  [0m] Started Apply Kernel Variables.
[[0;32m  OK  [0m] Started Flush Journal to Persistent Storage.
         Starting udev Kernel Device Manager...
[[0;32m  OK  [0m] Started udev Coldplug all Devices.
[[0;32m  OK  [0m] Started udev Kernel Device Manager.
[[0;32m  OK  [0m] Started Dispatch Password Requests to Console Directory Watch.
[[0;32m  OK  [0m] Found device /dev/ttyS0.
[[0;32m  OK  [0m] Found device 82540EM Gigabit Ethern...r (PRO/1000 MT Desktop Adapter).
[[0;32m  OK  [0m] Listening on Load/Save RF Kill Switch Status /dev/rfkill Watch.
[[0;32m  OK  [0m] Started Monitoring of LVM2 mirrors,...ng dmeventd or progress polling.
[[0;32m  OK  [0m] Reached target Local File Systems (Pre).
[[0;32m  OK  [0m] Reached target Local File Systems.
         Starting Initial cloud-init job (pre-networking)...
         Starting LSB: AppArmor initialization...
         Starting Set console font and keymap...
         Starting Tell Plymouth To Write Out Runtime Data...
         Starting Create Volatile Files and Directories...
[[0;32m  OK  [0m] Started Tell Plymouth To Write Out Runtime Data.
[[0;32m  OK  [0m] Started Create Volatile Files and Directories.
         Starting Update UTMP about System Boot/Shutdown...
[[0;32m  OK  [0m] Started Update UTMP about System Boot/Shutdown.
[[0;32m  OK  [0m] Started LSB: AppArmor initialization.
[[0;32m  OK  [0m] Started Set console font and keymap.
[[0;32m  OK  [0m] Created slice system-getty.slice.
[    7.601605] cloud-init[598]: Cloud-init v. 18.2 running 'init-local' at Tue, 31 Jul 2018 08:08:02 +0000. Up 7.35 seconds.
[[0;32m  OK  [0m] Started Initial cloud-init job (pre-networking).
[[0;32m  OK  [0m] Reached target Network (Pre).
         Starting Raise network interfaces...
[[0;32m  OK  [0m] Started ifup for enp0s3.
[[0;32m  OK  [0m] Started Raise network interfaces.
         Starting Initial cloud-init job (metadata service crawler)...
[[0;32m  OK  [0m] Reached target Network.
[    8.366557] cloud-init[964]: Cloud-init v. 18.2 running 'init' at Tue, 31 Jul 2018 08:08:02 +0000. Up 8.09 seconds.
[    8.368522] cloud-init[964]: ci-info: +++++++++++++++++++++++++++++++++++++Net device info+++++++++++++++++++++++++++++++++++++
[    8.375329] cloud-init[964]: ci-info: +--------+------+---------------------------+---------------+-------+-------------------+
[    8.385645] cloud-init[964]: ci-info: | Device |  Up  |          Address          |      Mask     | Scope |     Hw-Address    |
[    8.387624] cloud-init[964]: ci-info: +--------+------+---------------------------+---------------+-------+-------------------+
[    8.389694] cloud-init[964]: ci-info: | enp0s3 | True |         10.0.2.15         | 255.255.255.0 |   .   | 02:0d:8d:01:94:c2 |
[    8.457101] [[0;32m  OK  [0m] Started Initial cloud-init job (metadata service crawler).
cloud-init[964]: ci-info: | enp0s3 | True | fe80::d:8dff:fe01:94c2/64 |       .       |  link | 02:0d:8d:01:94:c2 |
[    8.573303] [[0;32m  OK  [0m] Reached target Network is Online.
cloud-init[964]: ci-info: |   lo   | True |         127.0.0.1         |   255.0.0.0   |   .   |         .         |
[    8.582766] cloud-init[964]: ci-info: |   lo   | True |          ::1/128          |       .       |  host |         .         |         Starting iSCSI initiator daemon (iscsid)...
[[0;32m  OK  [0m] Reached target Cloud-config availability.
[[0;32m  OK  [0m] Reached target System Initialization.

[    8.607432] cloud-init[964]: ci-info: +--------+------+---------------------------+---------------+-------+-------------------+
[    8.607991] cloud-init[964]: ci-info: +++++++++++++++++++++++++++Route IPv4 info++++++++++++++++++++++++++++
[    8.608827] cloud-init[964]: ci-info: +-------+-------------+----------+---------------+-----------+-------+
[    8.609188] cloud-init[964]: ci-info: | Route | Destination | Gateway  |    Genmask    | Interface | Flags |
[    8.609561] cloud-init[964]: ci-info: +-------+-------------+----------+---------------+-----------+-------+
[    8.609942] cloud-init[964]: ci-info: |   0   |   0.0.0.0   | 10.0.2.2 |    0.0.0.0    |   enp0s3  |   UG  |
[    8.610329] cloud-init[964]: ci-info: |   1   |   10.0.2.0  | 0.0.0.0  | 255.255.255.0 |   enp0s3  |   U   |
[    8.610694] cloud-init[964]: ci-info: +-------+-------------+----------+---------------+-----------+-------+
[[0;32m  OK  [0m] Started ACPI Events Check.
[[0;32m  OK  [0m] Reached target Paths.
[[0;32m  OK  [0m] Listening on UUID daemon activation socket.
[[0;32m  OK  [0m] Started Daily Cleanup of Temporary Directories.
         Starting LXD - unix socket.
[[0;32m  OK  [0m] Listening on D-Bus System Message Bus Socket.
[[0;32m  OK  [0m] Started Daily apt download activities.
[[0;32m  OK  [0m] Started Daily apt upgrade and clean activities.
[[0;32m  OK  [0m] Reached target Timers.
         Starting Socket activation for snappy daemon.
[[0;32m  OK  [0m] Listening on ACPID Listen Socket.
[[0;32m  OK  [0m] Listening on LXD - unix socket.
[[0;32m  OK  [0m] Listening on Socket activation for snappy daemon.
[[0;32m  OK  [0m] Started iSCSI initiator daemon (iscsid).
         Starting Login to default iSCSI targets...
[[0;32m  OK  [0m] Reached target Sockets.
[[0;32m  OK  [0m] Reached target Basic System.
         Starting OpenBSD Secure Shell server...
         Starting LSB: Record successful boot for GRUB...
[[0;32m  OK  [0m] Started Regular background program processing daemon.
         Starting LSB: MD monitoring daemon...
         Starting Apply the settings specified in cloud-config...
[[0;32m  OK  [0m] Started D-Bus System Message Bus.
         Starting System Logging Service...
[[0;32m  OK  [0m] Started FUSE filesystem for LXC.
[[0;32m  OK  [0m] Started ACPI event daemon.
         Starting Virtualbox guest utils...
         Starting Accounts Service...
[[0;32m  OK  [0m] Started Unattended Upgrades Shutdown.
[[0;32m  OK  [0m] Started Deferred execution scheduler.
         Starting Snappy daemon...
         Starting Login Service...
         Starting /etc/rc.local Compatibility...
         Starting LXD - container startup/shutdown...
[[0;32m  OK  [0m] Started OpenBSD Secure Shell server.
[[0;32m  OK  [0m] Started System Logging Service.
[[0;32m  OK  [0m] Started /etc/rc.local Compatibility.
[[0;32m  OK  [0m] Started Login to default iSCSI targets.
[[0;32m  OK  [0m] Started LSB: Record successful boot for GRUB.
[[0;32m  OK  [0m] Started LSB: MD monitoring daemon.
[[0;32m  OK  [0m] Started LXD - container startup/shutdown.
[[0;32m  OK  [0m] Started Login Service.
         Starting Authenticate and Authorize Users to Run Privileged Tasks...
[[0;32m  OK  [0m] Reached target Remote File Systems (Pre).
[[0;32m  OK  [0m] Reached target Remote File Systems.
         Starting Permit User Sessions...
         Starting LSB: daemon to balance interrupts for SMP systems...
         Starting LSB: automatic crash report generation...
         Starting LSB: Set the CPU Frequency Scaling governor to "ondemand"...
[[0;32m  OK  [0m] Started Permit User Sessions.
[[0;32m  OK  [0m] Started LSB: Set the CPU Frequency Scaling governor to "ondemand".
[[0;32m  OK  [0m] Started Virtualbox guest utils.
[[0;32m  OK  [0m] Started LSB: daemon to balance interrupts for SMP systems.
[[0;32m  OK  [0m] Started LSB: automatic crash report generation.
[[0;32m  OK  [0m] Started Snappy daemon.
[[0;32m  OK  [0m] Started Authenticate and Authorize Users to Run Privileged Tasks.
[[0;32m  OK  [0m] Started Accounts Service.
         Starting Wait until snapd is fully seeded...
         Starting Terminate Plymouth Boot Screen...
         Starting Hold until boot process finishes up...
[[0;32m  OK  [0m] Started Hold until boot process finishes up.
[[0;32m  OK  [0m] Started Terminate Plymouth Boot Screen.
[[0;32m  OK  [0m] Started Wait until snapd is fully seeded.
[    9.258434] cloud-init[1038]: Cloud-init v. 18.2 running 'modules:config' at Tue, 31 Jul 2018 08:08:03 +0000. Up 9.11 seconds.
         Starting Set console scheme...
[[0;32m  OK  [0m] Started Serial Getty on ttyS0.
[[0;32m  OK  [0m] Started Getty on tty1.
[[0;32m  OK  [0m] Reached target Login Prompts.
[[0;32m  OK  [0m] Reached target Multi-User System.
[[0;32m  OK  [0m] Reached target Graphical Interface.
         Starting Update UTMP about System Runlevel Changes...
[[0;32m  OK  [0m] Started Set console scheme.
[[0;32m  OK  [0m] Started Update UTMP about System Runlevel Changes.
[[0;32m  OK  [0m] Started Apply the settings specified in cloud-config.
         Starting Execute cloud user/final scripts...
[    9.707256] cloud-init[1215]: Cloud-init v. 18.2 running 'modules:final' at Tue, 31 Jul 2018 08:08:04 +0000. Up 9.53 seconds.
[    9.710229] cloud-init[1215]: Cloud-init v. 18.2 finished at Tue, 31 Jul 2018 08:08:04 +0000. Datasource DataSourceNoCloud [seed=/dev/sdb][dsmode=net].  Up 9.70 seconds
[[0;32m  OK  [0m] Started Execute cloud user/final scripts.
[[0;32m  OK  [0m] Reached target Cloud-init target.

Ubuntu 16.04.5 LTS ubuntu-xenial ttyS0

ubuntu-xenial login: 